<?xml version="1.0" encoding="utf-8"?>
<shfbBuild product="Sandcastle Help File Builder" version="2014.2.15.0 Beta" projectFile="D:\Users\Eric\Software\Project\Repositories\csharp-windows-elevate\target\checkout\elevate.shfbproj" started="4/4/2014 11:34:54 AM">
<buildStep step="Initializing">
Finding tools...
The Sandcastle tools are located in &#39;C:\Program Files (x86)\EWSoftware\Sandcastle Help File Builder\&#39;
Locating components...
Using presentation style &#39;VS2005&#39; located in &#39;C:\Program Files (x86)\EWSoftware\Sandcastle Help File Builder\PresentationStyles\VS2005&#39;
</buildStep>
<buildStep step="ValidatingDocumentationSources">
Validating and copying documentation source information
Source: D:\Users\Eric\Software\Project\Repositories\csharp-windows-elevate\target\checkout\elevate.csproj
    Found project &#39;D:\Users\Eric\Software\Project\Repositories\csharp-windows-elevate\target\checkout\elevate.csproj&#39;

Parsing project files
    Last step completed in 00:00:00.0530
</buildStep>
<buildStep step="Failed">

SHFB: Error BE0040: Project assembly does not exist: D:\Users\Eric\Software\Project\Repositories\csharp-windows-elevate\target\checkout\bin\Debug\elevate.exe
   at SandcastleBuilder.Utils.BuildEngine.BuildProcess.ValidateDocumentationSources()
   at SandcastleBuilder.Utils.BuildEngine.BuildProcess.Build()

</buildStep>
</shfbBuild>
